<?xml version="1.0" encoding="UTF-8"?>
<testng-results ignored="0" total="15" passed="15" failed="0" skipped="0">
  <reporter-output>
  </reporter-output>
  <suite started-at="2026-05-10T00:52:21 UTC" name="RentEase Selenium Suite" finished-at="2026-05-10T00:52:50 UTC" duration-ms="28621">
    <groups>
    </groups>
    <test started-at="2026-05-10T00:52:21 UTC" name="RentEase Tests" finished-at="2026-05-10T00:52:50 UTC" duration-ms="28621">
      <class name="tests.RentEaseTests">
        <test-method is-config="true" signature="setup()[pri:0, instance:tests.RentEaseTests@6ef888f6]" started-at="2026-05-10T00:52:21 UTC" name="setup" finished-at="2026-05-10T00:52:24 UTC" duration-ms="2749" status="PASS">
          <reporter-output>
          </reporter-output>
        </test-method> <!-- setup -->
        <test-method signature="test01LandingPageLoads()[pri:0, instance:tests.RentEaseTests@6ef888f6]" started-at="2026-05-10T00:52:24 UTC" name="test01LandingPageLoads" finished-at="2026-05-10T00:52:25 UTC" duration-ms="503" status="PASS">
          <reporter-output>
          </reporter-output>
        </test-method> <!-- test01LandingPageLoads -->
        <test-method is-config="true" signature="tearDown()[pri:0, instance:tests.RentEaseTests@6ef888f6]" started-at="2026-05-10T00:52:25 UTC" name="tearDown" finished-at="2026-05-10T00:52:25 UTC" duration-ms="110" status="PASS">
          <reporter-output>
          </reporter-output>
        </test-method> <!-- tearDown -->
        <test-method is-config="true" signature="setup()[pri:0, instance:tests.RentEaseTests@6ef888f6]" started-at="2026-05-10T00:52:25 UTC" name="setup" finished-at="2026-05-10T00:52:27 UTC" duration-ms="1808" status="PASS">
          <reporter-output>
          </reporter-output>
        </test-method> <!-- setup -->
        <test-method signature="test02LoginPageOpens()[pri:0, instance:tests.RentEaseTests@6ef888f6]" started-at="2026-05-10T00:52:27 UTC" name="test02LoginPageOpens" finished-at="2026-05-10T00:52:27 UTC" duration-ms="360" status="PASS">
          <reporter-output>
          </reporter-output>
        </test-method> <!-- test02LoginPageOpens -->
        <test-method is-config="true" signature="tearDown()[pri:0, instance:tests.RentEaseTests@6ef888f6]" started-at="2026-05-10T00:52:27 UTC" name="tearDown" finished-at="2026-05-10T00:52:27 UTC" duration-ms="74" status="PASS">
          <reporter-output>
          </reporter-output>
        </test-method> <!-- tearDown -->
        <test-method is-config="true" signature="setup()[pri:0, instance:tests.RentEaseTests@6ef888f6]" started-at="2026-05-10T00:52:27 UTC" name="setup" finished-at="2026-05-10T00:52:28 UTC" duration-ms="1256" status="PASS">
          <reporter-output>
          </reporter-output>
        </test-method> <!-- setup -->
        <test-method signature="test03RegisterPageOpens()[pri:0, instance:tests.RentEaseTests@6ef888f6]" started-at="2026-05-10T00:52:28 UTC" name="test03RegisterPageOpens" finished-at="2026-05-10T00:52:29 UTC" duration-ms="303" status="PASS">
          <reporter-output>
          </reporter-output>
        </test-method> <!-- test03RegisterPageOpens -->
        <test-method is-config="true" signature="tearDown()[pri:0, instance:tests.RentEaseTests@6ef888f6]" started-at="2026-05-10T00:52:29 UTC" name="tearDown" finished-at="2026-05-10T00:52:29 UTC" duration-ms="84" status="PASS">
          <reporter-output>
          </reporter-output>
        </test-method> <!-- tearDown -->
        <test-method is-config="true" signature="setup()[pri:0, instance:tests.RentEaseTests@6ef888f6]" started-at="2026-05-10T00:52:29 UTC" name="setup" finished-at="2026-05-10T00:52:30 UTC" duration-ms="1494" status="PASS">
          <reporter-output>
          </reporter-output>
        </test-method> <!-- setup -->
        <test-method signature="test04InvalidLoginPageLoads()[pri:0, instance:tests.RentEaseTests@6ef888f6]" started-at="2026-05-10T00:52:30 UTC" name="test04InvalidLoginPageLoads" finished-at="2026-05-10T00:52:31 UTC" duration-ms="457" status="PASS">
          <reporter-output>
          </reporter-output>
        </test-method> <!-- test04InvalidLoginPageLoads -->
        <test-method is-config="true" signature="tearDown()[pri:0, instance:tests.RentEaseTests@6ef888f6]" started-at="2026-05-10T00:52:31 UTC" name="tearDown" finished-at="2026-05-10T00:52:31 UTC" duration-ms="89" status="PASS">
          <reporter-output>
          </reporter-output>
        </test-method> <!-- tearDown -->
        <test-method is-config="true" signature="setup()[pri:0, instance:tests.RentEaseTests@6ef888f6]" started-at="2026-05-10T00:52:31 UTC" name="setup" finished-at="2026-05-10T00:52:32 UTC" duration-ms="1275" status="PASS">
          <reporter-output>
          </reporter-output>
        </test-method> <!-- setup -->
        <test-method signature="test05TenantRegistrationPageLoads()[pri:0, instance:tests.RentEaseTests@6ef888f6]" started-at="2026-05-10T00:52:32 UTC" name="test05TenantRegistrationPageLoads" finished-at="2026-05-10T00:52:32 UTC" duration-ms="487" status="PASS">
          <reporter-output>
          </reporter-output>
        </test-method> <!-- test05TenantRegistrationPageLoads -->
        <test-method is-config="true" signature="tearDown()[pri:0, instance:tests.RentEaseTests@6ef888f6]" started-at="2026-05-10T00:52:32 UTC" name="tearDown" finished-at="2026-05-10T00:52:33 UTC" duration-ms="86" status="PASS">
          <reporter-output>
          </reporter-output>
        </test-method> <!-- tearDown -->
        <test-method is-config="true" signature="setup()[pri:0, instance:tests.RentEaseTests@6ef888f6]" started-at="2026-05-10T00:52:33 UTC" name="setup" finished-at="2026-05-10T00:52:34 UTC" duration-ms="1319" status="PASS">
          <reporter-output>
          </reporter-output>
        </test-method> <!-- setup -->
        <test-method signature="test06LandlordRegistrationPageLoads()[pri:0, instance:tests.RentEaseTests@6ef888f6]" started-at="2026-05-10T00:52:34 UTC" name="test06LandlordRegistrationPageLoads" finished-at="2026-05-10T00:52:34 UTC" duration-ms="380" status="PASS">
          <reporter-output>
          </reporter-output>
        </test-method> <!-- test06LandlordRegistrationPageLoads -->
        <test-method is-config="true" signature="tearDown()[pri:0, instance:tests.RentEaseTests@6ef888f6]" started-at="2026-05-10T00:52:34 UTC" name="tearDown" finished-at="2026-05-10T00:52:34 UTC" duration-ms="105" status="PASS">
          <reporter-output>
          </reporter-output>
        </test-method> <!-- tearDown -->
        <test-method is-config="true" signature="setup()[pri:0, instance:tests.RentEaseTests@6ef888f6]" started-at="2026-05-10T00:52:34 UTC" name="setup" finished-at="2026-05-10T00:52:36 UTC" duration-ms="1311" status="PASS">
          <reporter-output>
          </reporter-output>
        </test-method> <!-- setup -->
        <test-method signature="test07PropertiesPageLoads()[pri:0, instance:tests.RentEaseTests@6ef888f6]" started-at="2026-05-10T00:52:36 UTC" name="test07PropertiesPageLoads" finished-at="2026-05-10T00:52:36 UTC" duration-ms="334" status="PASS">
          <reporter-output>
          </reporter-output>
        </test-method> <!-- test07PropertiesPageLoads -->
        <test-method is-config="true" signature="tearDown()[pri:0, instance:tests.RentEaseTests@6ef888f6]" started-at="2026-05-10T00:52:36 UTC" name="tearDown" finished-at="2026-05-10T00:52:36 UTC" duration-ms="78" status="PASS">
          <reporter-output>
          </reporter-output>
        </test-method> <!-- tearDown -->
        <test-method is-config="true" signature="setup()[pri:0, instance:tests.RentEaseTests@6ef888f6]" started-at="2026-05-10T00:52:36 UTC" name="setup" finished-at="2026-05-10T00:52:37 UTC" duration-ms="1245" status="PASS">
          <reporter-output>
          </reporter-output>
        </test-method> <!-- setup -->
        <test-method signature="test08TenantDashboardRouteLoads()[pri:0, instance:tests.RentEaseTests@6ef888f6]" started-at="2026-05-10T00:52:37 UTC" name="test08TenantDashboardRouteLoads" finished-at="2026-05-10T00:52:38 UTC" duration-ms="290" status="PASS">
          <reporter-output>
          </reporter-output>
        </test-method> <!-- test08TenantDashboardRouteLoads -->
        <test-method is-config="true" signature="tearDown()[pri:0, instance:tests.RentEaseTests@6ef888f6]" started-at="2026-05-10T00:52:38 UTC" name="tearDown" finished-at="2026-05-10T00:52:38 UTC" duration-ms="74" status="PASS">
          <reporter-output>
          </reporter-output>
        </test-method> <!-- tearDown -->
        <test-method is-config="true" signature="setup()[pri:0, instance:tests.RentEaseTests@6ef888f6]" started-at="2026-05-10T00:52:38 UTC" name="setup" finished-at="2026-05-10T00:52:39 UTC" duration-ms="1276" status="PASS">
          <reporter-output>
          </reporter-output>
        </test-method> <!-- setup -->
        <test-method signature="test09LandlordDashboardRouteLoads()[pri:0, instance:tests.RentEaseTests@6ef888f6]" started-at="2026-05-10T00:52:39 UTC" name="test09LandlordDashboardRouteLoads" finished-at="2026-05-10T00:52:39 UTC" duration-ms="310" status="PASS">
          <reporter-output>
          </reporter-output>
        </test-method> <!-- test09LandlordDashboardRouteLoads -->
        <test-method is-config="true" signature="tearDown()[pri:0, instance:tests.RentEaseTests@6ef888f6]" started-at="2026-05-10T00:52:39 UTC" name="tearDown" finished-at="2026-05-10T00:52:39 UTC" duration-ms="76" status="PASS">
          <reporter-output>
          </reporter-output>
        </test-method> <!-- tearDown -->
        <test-method is-config="true" signature="setup()[pri:0, instance:tests.RentEaseTests@6ef888f6]" started-at="2026-05-10T00:52:39 UTC" name="setup" finished-at="2026-05-10T00:52:41 UTC" duration-ms="1312" status="PASS">
          <reporter-output>
          </reporter-output>
        </test-method> <!-- setup -->
        <test-method signature="test10AddPropertyRouteLoads()[pri:0, instance:tests.RentEaseTests@6ef888f6]" started-at="2026-05-10T00:52:41 UTC" name="test10AddPropertyRouteLoads" finished-at="2026-05-10T00:52:41 UTC" duration-ms="284" status="PASS">
          <reporter-output>
          </reporter-output>
        </test-method> <!-- test10AddPropertyRouteLoads -->
        <test-method is-config="true" signature="tearDown()[pri:0, instance:tests.RentEaseTests@6ef888f6]" started-at="2026-05-10T00:52:41 UTC" name="tearDown" finished-at="2026-05-10T00:52:41 UTC" duration-ms="73" status="PASS">
          <reporter-output>
          </reporter-output>
        </test-method> <!-- tearDown -->
        <test-method is-config="true" signature="setup()[pri:0, instance:tests.RentEaseTests@6ef888f6]" started-at="2026-05-10T00:52:41 UTC" name="setup" finished-at="2026-05-10T00:52:42 UTC" duration-ms="1245" status="PASS">
          <reporter-output>
          </reporter-output>
        </test-method> <!-- setup -->
        <test-method signature="test11ApplicationsRouteLoads()[pri:0, instance:tests.RentEaseTests@6ef888f6]" started-at="2026-05-10T00:52:42 UTC" name="test11ApplicationsRouteLoads" finished-at="2026-05-10T00:52:43 UTC" duration-ms="297" status="PASS">
          <reporter-output>
          </reporter-output>
        </test-method> <!-- test11ApplicationsRouteLoads -->
        <test-method is-config="true" signature="tearDown()[pri:0, instance:tests.RentEaseTests@6ef888f6]" started-at="2026-05-10T00:52:43 UTC" name="tearDown" finished-at="2026-05-10T00:52:43 UTC" duration-ms="75" status="PASS">
          <reporter-output>
          </reporter-output>
        </test-method> <!-- tearDown -->
        <test-method is-config="true" signature="setup()[pri:0, instance:tests.RentEaseTests@6ef888f6]" started-at="2026-05-10T00:52:43 UTC" name="setup" finished-at="2026-05-10T00:52:44 UTC" duration-ms="1284" status="PASS">
          <reporter-output>
          </reporter-output>
        </test-method> <!-- setup -->
        <test-method signature="test12ProfileRouteLoads()[pri:0, instance:tests.RentEaseTests@6ef888f6]" started-at="2026-05-10T00:52:44 UTC" name="test12ProfileRouteLoads" finished-at="2026-05-10T00:52:44 UTC" duration-ms="290" status="PASS">
          <reporter-output>
          </reporter-output>
        </test-method> <!-- test12ProfileRouteLoads -->
        <test-method is-config="true" signature="tearDown()[pri:0, instance:tests.RentEaseTests@6ef888f6]" started-at="2026-05-10T00:52:44 UTC" name="tearDown" finished-at="2026-05-10T00:52:44 UTC" duration-ms="77" status="PASS">
          <reporter-output>
          </reporter-output>
        </test-method> <!-- tearDown -->
        <test-method is-config="true" signature="setup()[pri:0, instance:tests.RentEaseTests@6ef888f6]" started-at="2026-05-10T00:52:44 UTC" name="setup" finished-at="2026-05-10T00:52:46 UTC" duration-ms="1281" status="PASS">
          <reporter-output>
          </reporter-output>
        </test-method> <!-- setup -->
        <test-method signature="test13PageContainsRentEaseText()[pri:0, instance:tests.RentEaseTests@6ef888f6]" started-at="2026-05-10T00:52:46 UTC" name="test13PageContainsRentEaseText" finished-at="2026-05-10T00:52:46 UTC" duration-ms="406" status="PASS">
          <reporter-output>
          </reporter-output>
        </test-method> <!-- test13PageContainsRentEaseText -->
        <test-method is-config="true" signature="tearDown()[pri:0, instance:tests.RentEaseTests@6ef888f6]" started-at="2026-05-10T00:52:46 UTC" name="tearDown" finished-at="2026-05-10T00:52:46 UTC" duration-ms="78" status="PASS">
          <reporter-output>
          </reporter-output>
        </test-method> <!-- tearDown -->
        <test-method is-config="true" signature="setup()[pri:0, instance:tests.RentEaseTests@6ef888f6]" started-at="2026-05-10T00:52:46 UTC" name="setup" finished-at="2026-05-10T00:52:47 UTC" duration-ms="1255" status="PASS">
          <reporter-output>
          </reporter-output>
        </test-method> <!-- setup -->
        <test-method signature="test14BrowserCanNavigateBack()[pri:0, instance:tests.RentEaseTests@6ef888f6]" started-at="2026-05-10T00:52:47 UTC" name="test14BrowserCanNavigateBack" finished-at="2026-05-10T00:52:48 UTC" duration-ms="756" status="PASS">
          <reporter-output>
          </reporter-output>
        </test-method> <!-- test14BrowserCanNavigateBack -->
        <test-method is-config="true" signature="tearDown()[pri:0, instance:tests.RentEaseTests@6ef888f6]" started-at="2026-05-10T00:52:48 UTC" name="tearDown" finished-at="2026-05-10T00:52:48 UTC" duration-ms="93" status="PASS">
          <reporter-output>
          </reporter-output>
        </test-method> <!-- tearDown -->
        <test-method is-config="true" signature="setup()[pri:0, instance:tests.RentEaseTests@6ef888f6]" started-at="2026-05-10T00:52:48 UTC" name="setup" finished-at="2026-05-10T00:52:50 UTC" duration-ms="1399" status="PASS">
          <reporter-output>
          </reporter-output>
        </test-method> <!-- setup -->
        <test-method signature="test15LogoutRouteLoads()[pri:0, instance:tests.RentEaseTests@6ef888f6]" started-at="2026-05-10T00:52:50 UTC" name="test15LogoutRouteLoads" finished-at="2026-05-10T00:52:50 UTC" duration-ms="307" status="PASS">
          <reporter-output>
          </reporter-output>
        </test-method> <!-- test15LogoutRouteLoads -->
        <test-method is-config="true" signature="tearDown()[pri:0, instance:tests.RentEaseTests@6ef888f6]" started-at="2026-05-10T00:52:50 UTC" name="tearDown" finished-at="2026-05-10T00:52:50 UTC" duration-ms="74" status="PASS">
          <reporter-output>
          </reporter-output>
        </test-method> <!-- tearDown -->
      </class> <!-- tests.RentEaseTests -->
    </test> <!-- RentEase Tests -->
  </suite> <!-- RentEase Selenium Suite -->
</testng-results>
