<?xml version="1.0" encoding="UTF-8"?>
<!-- Generated by org.testng.reporters.JUnitReportReporter -->
<testsuite hostname="ip-172-31-10-72" failures="0" tests="15" name="tests.RentEaseTests" time="28.519" errors="0" timestamp="2026-05-10T00:52:50 UTC" skipped="0">
  <testcase classname="tests.RentEaseTests" name="test15LogoutRouteLoads" time="1.703"/>
  <testcase classname="tests.RentEaseTests" name="test10AddPropertyRouteLoads" time="1.613"/>
  <testcase classname="tests.RentEaseTests" name="test01LandingPageLoads" time="3.330"/>
  <testcase classname="tests.RentEaseTests" name="test11ApplicationsRouteLoads" time="1.683"/>
  <testcase classname="tests.RentEaseTests" name="test02LoginPageOpens" time="1.845"/>
  <testcase classname="tests.RentEaseTests" name="test06LandlordRegistrationPageLoads" time="1.714"/>
  <testcase classname="tests.RentEaseTests" name="test09LandlordDashboardRouteLoads" time="1.696"/>
  <testcase classname="tests.RentEaseTests" name="test12ProfileRouteLoads" time="1.645"/>
  <testcase classname="tests.RentEaseTests" name="test05TenantRegistrationPageLoads" time="1.836"/>
  <testcase classname="tests.RentEaseTests" name="test14BrowserCanNavigateBack" time="2.326"/>
  <testcase classname="tests.RentEaseTests" name="test07PropertiesPageLoads" time="1.711"/>
  <testcase classname="tests.RentEaseTests" name="test08TenantDashboardRouteLoads" time="1.671"/>
  <testcase classname="tests.RentEaseTests" name="test03RegisterPageOpens" time="2.195"/>
  <testcase classname="tests.RentEaseTests" name="test04InvalidLoginPageLoads" time="1.822"/>
  <testcase classname="tests.RentEaseTests" name="test13PageContainsRentEaseText" time="1.729"/>
</testsuite> <!-- tests.RentEaseTests -->
