<?xml version="1.0" encoding="UTF-8"?>
<!-- Generated by org.testng.reporters.JUnitReportReporter -->
<testsuite hostname="79949076121e" failures="0" tests="15" name="tests.RentEaseTests" time="65.156" errors="0" timestamp="2026-05-05T19:26:56 UTC" skipped="0">
  <testcase classname="tests.RentEaseTests" name="test02LoginPageOpens" time="4.265"/>
  <testcase classname="tests.RentEaseTests" name="test07PropertiesPageLoads" time="4.209"/>
  <testcase classname="tests.RentEaseTests" name="test15LogoutRouteLoads" time="4.188"/>
  <testcase classname="tests.RentEaseTests" name="test11ApplicationsRouteLoads" time="4.234"/>
  <testcase classname="tests.RentEaseTests" name="test14BrowserCanNavigateBack" time="4.898"/>
  <testcase classname="tests.RentEaseTests" name="test04InvalidLoginPageLoads" time="4.306"/>
  <testcase classname="tests.RentEaseTests" name="test06LandlordRegistrationPageLoads" time="4.312"/>
  <testcase classname="tests.RentEaseTests" name="test01LandingPageLoads" time="4.464"/>
  <testcase classname="tests.RentEaseTests" name="test08TenantDashboardRouteLoads" time="4.171"/>
  <testcase classname="tests.RentEaseTests" name="test12ProfileRouteLoads" time="4.265"/>
  <testcase classname="tests.RentEaseTests" name="test13PageContainsRentEaseText" time="4.297"/>
  <testcase classname="tests.RentEaseTests" name="test05TenantRegistrationPageLoads" time="4.367"/>
  <testcase classname="tests.RentEaseTests" name="test09LandlordDashboardRouteLoads" time="4.306"/>
  <testcase classname="tests.RentEaseTests" name="test10AddPropertyRouteLoads" time="4.373"/>
  <testcase classname="tests.RentEaseTests" name="test03RegisterPageOpens" time="4.501"/>
</testsuite> <!-- tests.RentEaseTests -->
