<?xml version="1.0" encoding="UTF-8"?>
<!-- Generated by org.testng.reporters.JUnitXMLReporter -->
<testsuite ignored="0" hostname="79949076121e" failures="0" tests="15" name="RentEase Tests" time="65.255" errors="0" timestamp="2026-05-05T19:26:56 UTC">
  <testcase classname="tests.RentEaseTests" name="test01LandingPageLoads" time="3.779"/>
  <testcase classname="tests.RentEaseTests" name="test02LoginPageOpens" time="3.565"/>
  <testcase classname="tests.RentEaseTests" name="test03RegisterPageOpens" time="3.66"/>
  <testcase classname="tests.RentEaseTests" name="test04InvalidLoginPageLoads" time="3.6"/>
  <testcase classname="tests.RentEaseTests" name="test05TenantRegistrationPageLoads" time="3.685"/>
  <testcase classname="tests.RentEaseTests" name="test06LandlordRegistrationPageLoads" time="3.621"/>
  <testcase classname="tests.RentEaseTests" name="test07PropertiesPageLoads" time="3.513"/>
  <testcase classname="tests.RentEaseTests" name="test08TenantDashboardRouteLoads" time="3.485"/>
  <testcase classname="tests.RentEaseTests" name="test09LandlordDashboardRouteLoads" time="3.567"/>
  <testcase classname="tests.RentEaseTests" name="test10AddPropertyRouteLoads" time="3.592"/>
  <testcase classname="tests.RentEaseTests" name="test11ApplicationsRouteLoads" time="3.483"/>
  <testcase classname="tests.RentEaseTests" name="test12ProfileRouteLoads" time="3.531"/>
  <testcase classname="tests.RentEaseTests" name="test13PageContainsRentEaseText" time="3.683"/>
  <testcase classname="tests.RentEaseTests" name="test14BrowserCanNavigateBack" time="3.153"/>
  <testcase classname="tests.RentEaseTests" name="test15LogoutRouteLoads" time="3.515"/>
</testsuite> <!-- RentEase Tests -->
