<?xml version="1.0" encoding="UTF-8"?>
<!-- Generated by org.testng.reporters.JUnitXMLReporter -->
<testsuite ignored="0" hostname="ip-172-31-10-72" failures="0" tests="15" name="RentEase Tests" time="28.621" errors="0" timestamp="2026-05-10T00:52:50 UTC">
  <testcase classname="tests.RentEaseTests" name="test01LandingPageLoads" time="0.503"/>
  <testcase classname="tests.RentEaseTests" name="test02LoginPageOpens" time="0.36"/>
  <testcase classname="tests.RentEaseTests" name="test03RegisterPageOpens" time="0.303"/>
  <testcase classname="tests.RentEaseTests" name="test04InvalidLoginPageLoads" time="0.457"/>
  <testcase classname="tests.RentEaseTests" name="test05TenantRegistrationPageLoads" time="0.487"/>
  <testcase classname="tests.RentEaseTests" name="test06LandlordRegistrationPageLoads" time="0.38"/>
  <testcase classname="tests.RentEaseTests" name="test07PropertiesPageLoads" time="0.334"/>
  <testcase classname="tests.RentEaseTests" name="test08TenantDashboardRouteLoads" time="0.29"/>
  <testcase classname="tests.RentEaseTests" name="test09LandlordDashboardRouteLoads" time="0.31"/>
  <testcase classname="tests.RentEaseTests" name="test10AddPropertyRouteLoads" time="0.284"/>
  <testcase classname="tests.RentEaseTests" name="test11ApplicationsRouteLoads" time="0.297"/>
  <testcase classname="tests.RentEaseTests" name="test12ProfileRouteLoads" time="0.29"/>
  <testcase classname="tests.RentEaseTests" name="test13PageContainsRentEaseText" time="0.406"/>
  <testcase classname="tests.RentEaseTests" name="test14BrowserCanNavigateBack" time="0.756"/>
  <testcase classname="tests.RentEaseTests" name="test15LogoutRouteLoads" time="0.307"/>
</testsuite> <!-- RentEase Tests -->
